gs6687 Microservices
$ kubectl get deployments
NAME          READY   UP-TO-DATE   AVAILABLE   AGE
feed-api      2/2     2            2           27h
nginx-rp      1/1     1            1           27h
udagram-app   1/1     1            1           26h
user-api      1/1     1            1           27h
gs6687 Microservices
$ kubectl get pods
NAME                           READY   STATUS    RESTARTS   AGE
feed-api-56cc788fdb-4h484      1/1     Running   0          27h
feed-api-56cc788fdb-5p8cf      1/1     Running   0          27h
nginx-rp-f7957d698-z8pl4       1/1     Running   0          26h
udagram-app-7c69575bf9-bl6lr   1/1     Running   0          26h
user-api-78fc49fd4c-9vqxk      1/1     Running   0          27h
gs6687 Microservices
$ kubectl get service
NAME          TYPE        CLUSTER-IP       EXTERNAL-IP   PORT(S)    AGE
feed-api      ClusterIP   10.108.142.98    <none>        8080/TCP   27h
kubernetes    ClusterIP   10.96.0.1        <none>        443/TCP    28h
nginx-rp      ClusterIP   10.108.142.7     <none>        8080/TCP   27h
udagram-app   ClusterIP   10.100.197.53    <none>        8100/TCP   26h
user-api      ClusterIP   10.106.172.176   <none>        8080/TCP   27h
gs6687 Microservices
$ kubectl get configmap
NAME         DATA   AGE
env-config   9      27h
gs6687 Microservices
$ kubectl describe configmap env-config
Name:         env-config
Namespace:    default
Labels:       <none>
Annotations:  kubectl.kubernetes.io/last-applied-configuration:
                {"apiVersion":"v1","data":{"AWS_PROFILE":"udagram-dev","AWS_REGION":"us-east-2","DB_DIALECT":"postgres","JWT_SECRET":"mercedes","POSTGRES_...

Data
====
POSTGRES_HOST:
----
udagramseelerdev.c3nnsqm0pe8o.us-east-2.rds.amazonaws.com
POSTGRES_PORT:
----
5432
S3_MEDIA_BUCKET:
----
udagram-seeler-dev
AWS_REGION:
----
us-east-2
JWT_SECRET:
----
mercedes
POSTGRES_DATABASE:
----
udagramseelerdev
URL:
----
http://localhost:8100
AWS_PROFILE:
----
udagram-dev
DB_DIALECT:
----
postgres
Events:  <none>
gs6687 Microservices
$ kubectl get secret
NAME                  TYPE                                  DATA   AGE
aws-secret            Opaque                                1      27h
db-secret             Opaque                                2      27h
default-token-wsgrw   kubernetes.io/service-account-token   3      28h
gs6687 Microservices
$ kubectl describe secret aws-secret
Name:         aws-secret
Namespace:    default
Labels:       <none>
Annotations:  
Type:         Opaque

Data
====
credentials:  355 bytes
gs6687 Microservices
$ kubectl describe secret db-secret
Name:         db-secret
Namespace:    default
Labels:       <none>
Annotations:  
Type:         Opaque

Data
====
POSTGRES_PASSWORD:  10 bytes
POSTGRES_USERNAME:  8 bytes
gs6687 Microservices
$ 
